[gin] Listening on port 9999
[gin] Building...
[gin] [97;32;1mBuild finished[0m
[GIN-debug] [WARNING] Running in "debug" mode. Switch to "release" mode in production.
 - using env:	export GIN_MODE=release
 - using code:	gin.SetMode(gin.ReleaseMode)

[GIN-debug] GET    /tags                     --> blog.com/route/api/v1.GetTags (3 handlers)
[GIN-debug] POST   /tags                     --> blog.com/route/api/v1.AddTag (3 handlers)
[GIN-debug] PUT    /tags/:id                 --> blog.com/route/api/v1.EditTag (3 handlers)
[GIN-debug] DELETE /tags/:id                 --> blog.com/route/api/v1.DeleteTag (3 handlers)
false

[31m2019/12/10 17:33:30 [Recovery] 2019/12/10 - 17:33:30 panic recovered:
GET /tags HTTP/1.1
Host: 127.0.0.1:9999
Accept: */*
Accept-Encoding: gzip, deflate
Cache-Control: no-cache
Postman-Token: 463cac5c-6a98-4462-a96d-21c053f73e2b
User-Agent: PostmanRuntime/7.20.1
X-Forwarded-For: 127.0.0.1


reflect: reflect.flag.mustBeAssignable using unaddressable value
C:/Users/ganweili/go/pkg/mod/github.com/jinzhu/gorm@v1.9.6/scope.go:863 (0x5c9496)
	(*Scope).callCallbacks.func1: panic(err)
D:/Go/src/runtime/panic.go:679 (0x4300bf)
	gopanic: reflectcall(nil, unsafe.Pointer(d.fn), deferArgs(d), uint32(d.siz), uint32(d.siz))
D:/Go/src/reflect/value.go:247 (0x48b1be)
	flag.mustBeAssignableSlow: panic("reflect: " + methodName() + " using unaddressable value")
D:/Go/src/reflect/value.go:234 (0x491461)
	flag.mustBeAssignable: f.mustBeAssignableSlow()
D:/Go/src/reflect/value.go:1531 (0x491448)
	Value.Set: v.mustBeAssignable()
C:/Users/ganweili/go/pkg/mod/github.com/jinzhu/gorm@v1.9.6/callback_query.go:48 (0x58b7d3)
	queryCallback: results.Set(reflect.MakeSlice(results.Type(), 0, 0))
C:/Users/ganweili/go/pkg/mod/github.com/jinzhu/gorm@v1.9.6/scope.go:867 (0x5b3e68)
	(*Scope).callCallbacks: (*f)(scope)
C:/Users/ganweili/go/pkg/mod/github.com/jinzhu/gorm@v1.9.6/main.go:331 (0x5a22ae)
	(*DB).Find: return s.NewScope(out).inlineCondition(where...).callCallbacks(s.parent.callbacks.queries).db
D:/workpath/go/blog/pkg/models/tag.go:36 (0x711edb)
	GetTags: err = db.Where(maps).Find(tags).Error
D:/workpath/go/blog/route/api/v1/tag.go:30 (0xa45b5e)
	GetTags: data["lists"], _ = models.GetTags(15, 0, maps)
C:/Users/ganweili/go/pkg/mod/github.com/gin-gonic/gin@v1.4.0/context.go:124 (0xa2fba1)
	(*Context).Next: c.handlers[c.index](c)
C:/Users/ganweili/go/pkg/mod/github.com/gin-gonic/gin@v1.4.0/recovery.go:83 (0xa430ca)
	RecoveryWithWriter.func1: c.Next()
C:/Users/ganweili/go/pkg/mod/github.com/gin-gonic/gin@v1.4.0/context.go:124 (0xa2fba1)
	(*Context).Next: c.handlers[c.index](c)
C:/Users/ganweili/go/pkg/mod/github.com/gin-gonic/gin@v1.4.0/logger.go:240 (0xa42157)
	LoggerWithConfig.func1: c.Next()
C:/Users/ganweili/go/pkg/mod/github.com/gin-gonic/gin@v1.4.0/context.go:124 (0xa2fba1)
	(*Context).Next: c.handlers[c.index](c)
C:/Users/ganweili/go/pkg/mod/github.com/gin-gonic/gin@v1.4.0/gin.go:389 (0xa39598)
	(*Engine).handleHTTPRequest: c.Next()
C:/Users/ganweili/go/pkg/mod/github.com/gin-gonic/gin@v1.4.0/gin.go:351 (0xa38dba)
	(*Engine).ServeHTTP: engine.handleHTTPRequest(c)
D:/Go/src/net/http/server.go:2802 (0x7a18fa)
	serverHandler.ServeHTTP: handler.ServeHTTP(rw, req)
D:/Go/src/net/http/server.go:1890 (0x79d0cb)
	(*conn).serve: serverHandler{c.server}.ServeHTTP(w, w.req)
D:/Go/src/runtime/asm_amd64.s:1357 (0x45ae40)
	goexit: BYTE	$0x90	// NOP
[0m
[GIN] 2019/12/10 - 17:33:30 | 500 |     13.9291ms |       127.0.0.1 | GET      /tags
[gin] Building...
[gin] [97;31;1mBuild failed[0m
go: downloading gopkg.in/yaml.v2 v2.2.4
go: downloading github.com/golang/protobuf v1.3.2
go: downloading github.com/ugorji/go/codec v0.0.0-20181204163529-d75b2dcb6bc8
go: extracting gopkg.in/yaml.v2 v2.2.4
go: extracting github.com/ugorji/go/codec v0.0.0-20181204163529-d75b2dcb6bc8
go: extracting github.com/golang/protobuf v1.3.2
build blog.com: cannot load github.com/ugorji/go/codec: ambiguous import: found github.com/ugorji/go/codec in multiple modules:
	github.com/ugorji/go v1.1.4 (C:\Users\ganweili\go\pkg\mod\github.com\ugorji\go@v1.1.4\codec)
	github.com/ugorji/go/codec v0.0.0-20181204163529-d75b2dcb6bc8 (C:\Users\ganweili\go\pkg\mod\github.com\ugorji\go\codec@v0.0.0-20181204163529-d75b2dcb6bc8)

[gin] Building...
[gin] [97;31;1mBuild failed[0m
build blog.com: cannot load github.com/ugorji/go/codec: ambiguous import: found github.com/ugorji/go/codec in multiple modules:
	github.com/ugorji/go v1.1.4 (C:\Users\ganweili\go\pkg\mod\github.com\ugorji\go@v1.1.4\codec)
	github.com/ugorji/go/codec v0.0.0-20181204163529-d75b2dcb6bc8 (C:\Users\ganweili\go\pkg\mod\github.com\ugorji\go\codec@v0.0.0-20181204163529-d75b2dcb6bc8)

[gin] Building...
[gin] [97;31;1mBuild failed[0m
build blog.com: cannot load github.com/ugorji/go/codec: ambiguous import: found github.com/ugorji/go/codec in multiple modules:
	github.com/ugorji/go v1.1.4 (C:\Users\ganweili\go\pkg\mod\github.com\ugorji\go@v1.1.4\codec)
	github.com/ugorji/go/codec v0.0.0-20181204163529-d75b2dcb6bc8 (C:\Users\ganweili\go\pkg\mod\github.com\ugorji\go\codec@v0.0.0-20181204163529-d75b2dcb6bc8)

[gin] Building...
[gin] [97;31;1mBuild failed[0m
build blog.com: cannot load github.com/ugorji/go/codec: ambiguous import: found github.com/ugorji/go/codec in multiple modules:
	github.com/ugorji/go v1.1.4 (C:\Users\ganweili\go\pkg\mod\github.com\ugorji\go@v1.1.4\codec)
	github.com/ugorji/go/codec v0.0.0-20181204163529-d75b2dcb6bc8 (C:\Users\ganweili\go\pkg\mod\github.com\ugorji\go\codec@v0.0.0-20181204163529-d75b2dcb6bc8)

[gin] Building...
[gin] [97;31;1mBuild failed[0m
build blog.com: cannot load github.com/ugorji/go/codec: ambiguous import: found github.com/ugorji/go/codec in multiple modules:
	github.com/ugorji/go v1.1.4 (C:\Users\ganweili\go\pkg\mod\github.com\ugorji\go@v1.1.4\codec)
	github.com/ugorji/go/codec v0.0.0-20181204163529-d75b2dcb6bc8 (C:\Users\ganweili\go\pkg\mod\github.com\ugorji\go\codec@v0.0.0-20181204163529-d75b2dcb6bc8)

[gin] Building...
[gin] [97;31;1mBuild failed[0m
build blog.com: cannot load github.com/ugorji/go/codec: ambiguous import: found github.com/ugorji/go/codec in multiple modules:
	github.com/ugorji/go v1.1.4 (C:\Users\ganweili\go\pkg\mod\github.com\ugorji\go@v1.1.4\codec)
	github.com/ugorji/go/codec v0.0.0-20181204163529-d75b2dcb6bc8 (C:\Users\ganweili\go\pkg\mod\github.com\ugorji\go\codec@v0.0.0-20181204163529-d75b2dcb6bc8)

[gin] Building...
[gin] [97;31;1mBuild failed[0m
build blog.com: cannot load github.com/ugorji/go/codec: ambiguous import: found github.com/ugorji/go/codec in multiple modules:
	github.com/ugorji/go v1.1.4 (C:\Users\ganweili\go\pkg\mod\github.com\ugorji\go@v1.1.4\codec)
	github.com/ugorji/go/codec v0.0.0-20181204163529-d75b2dcb6bc8 (C:\Users\ganweili\go\pkg\mod\github.com\ugorji\go\codec@v0.0.0-20181204163529-d75b2dcb6bc8)

[gin] Building...
[gin] [97;31;1mBuild failed[0m
build blog.com: cannot load github.com/ugorji/go/codec: ambiguous import: found github.com/ugorji/go/codec in multiple modules:
	github.com/ugorji/go v1.1.4 (C:\Users\ganweili\go\pkg\mod\github.com\ugorji\go@v1.1.4\codec)
	github.com/ugorji/go/codec v0.0.0-20181204163529-d75b2dcb6bc8 (C:\Users\ganweili\go\pkg\mod\github.com\ugorji\go\codec@v0.0.0-20181204163529-d75b2dcb6bc8)

[gin] Building...
[gin] [97;31;1mBuild failed[0m
build blog.com: cannot load github.com/ugorji/go/codec: ambiguous import: found github.com/ugorji/go/codec in multiple modules:
	github.com/ugorji/go v1.1.4 (C:\Users\ganweili\go\pkg\mod\github.com\ugorji\go@v1.1.4\codec)
	github.com/ugorji/go/codec v0.0.0-20181204163529-d75b2dcb6bc8 (C:\Users\ganweili\go\pkg\mod\github.com\ugorji\go\codec@v0.0.0-20181204163529-d75b2dcb6bc8)

[gin] Building...
[gin] [97;31;1mBuild failed[0m
build blog.com: cannot load github.com/ugorji/go/codec: ambiguous import: found github.com/ugorji/go/codec in multiple modules:
	github.com/ugorji/go v1.1.4 (C:\Users\ganweili\go\pkg\mod\github.com\ugorji\go@v1.1.4\codec)
	github.com/ugorji/go/codec v0.0.0-20181204163529-d75b2dcb6bc8 (C:\Users\ganweili\go\pkg\mod\github.com\ugorji\go\codec@v0.0.0-20181204163529-d75b2dcb6bc8)

[gin] Building...
[gin] [97;31;1mBuild failed[0m
build blog.com: cannot load github.com/ugorji/go/codec: ambiguous import: found github.com/ugorji/go/codec in multiple modules:
	github.com/ugorji/go v1.1.4 (C:\Users\ganweili\go\pkg\mod\github.com\ugorji\go@v1.1.4\codec)
	github.com/ugorji/go/codec v0.0.0-20181204163529-d75b2dcb6bc8 (C:\Users\ganweili\go\pkg\mod\github.com\ugorji\go\codec@v0.0.0-20181204163529-d75b2dcb6bc8)

[gin] Building...
[gin] [97;31;1mBuild failed[0m
build blog.com: cannot load github.com/ugorji/go/codec: ambiguous import: found github.com/ugorji/go/codec in multiple modules:
	github.com/ugorji/go v1.1.4 (C:\Users\ganweili\go\pkg\mod\github.com\ugorji\go@v1.1.4\codec)
	github.com/ugorji/go/codec v0.0.0-20181204163529-d75b2dcb6bc8 (C:\Users\ganweili\go\pkg\mod\github.com\ugorji\go\codec@v0.0.0-20181204163529-d75b2dcb6bc8)

[gin] Building...
[gin] [97;31;1mBuild failed[0m
build blog.com: cannot load github.com/ugorji/go/codec: ambiguous import: found github.com/ugorji/go/codec in multiple modules:
	github.com/ugorji/go v1.1.4 (C:\Users\ganweili\go\pkg\mod\github.com\ugorji\go@v1.1.4\codec)
	github.com/ugorji/go/codec v0.0.0-20181204163529-d75b2dcb6bc8 (C:\Users\ganweili\go\pkg\mod\github.com\ugorji\go\codec@v0.0.0-20181204163529-d75b2dcb6bc8)

[gin] Building...
[gin] [97;31;1mBuild failed[0m
build blog.com: cannot load github.com/ugorji/go/codec: ambiguous import: found github.com/ugorji/go/codec in multiple modules:
	github.com/ugorji/go v1.1.4 (C:\Users\ganweili\go\pkg\mod\github.com\ugorji\go@v1.1.4\codec)
	github.com/ugorji/go/codec v0.0.0-20181204163529-d75b2dcb6bc8 (C:\Users\ganweili\go\pkg\mod\github.com\ugorji\go\codec@v0.0.0-20181204163529-d75b2dcb6bc8)

[gin] Building...
[gin] [97;32;1mBuild finished[0m
[gin] Building...
[gin] [97;31;1mBuild failed[0m
# blog.com/route/api/v1
route\api\v1\tag.go:23:16: syntax error: unexpected :=, expecting =

[gin] Building...
[gin] [97;32;1mBuild finished[0m
[gin] Building...
[gin] [97;32;1mBuild finished[0m
[gin] Building...
[gin] [97;31;1mBuild failed[0m
# blog.com/route/api/v1
route\api\v1\tag.go:23:8: syntax error: unexpected int at end of statement

[gin] Building...
[gin] [97;32;1mBuild finished[0m
[gin] Building...
[gin] [97;32;1mBuild finished[0m
[gin] Building...
[gin] [97;31;1mBuild failed[0m
# blog.com/route/api/v1
route\api\v1\tag.go:24:3: undefined: state
route\api\v1\tag.go:25:19: undefined: state

[gin] Building...
[gin] [97;32;1mBuild finished[0m
[gin] Building...
[gin] [97;32;1mBuild finished[0m
[GIN-debug] [WARNING] Running in "debug" mode. Switch to "release" mode in production.
 - using env:	export GIN_MODE=release
 - using code:	gin.SetMode(gin.ReleaseMode)

[GIN-debug] GET    /tags                     --> blog.com/route/api/v1.GetTags (3 handlers)
[GIN-debug] POST   /tags                     --> blog.com/route/api/v1.AddTag (3 handlers)
[GIN-debug] PUT    /tags/:id                 --> blog.com/route/api/v1.EditTag (3 handlers)
[GIN-debug] DELETE /tags/:id                 --> blog.com/route/api/v1.DeleteTag (3 handlers)
[GIN] 2019/12/11 - 15:42:26 | 200 |            0s |       127.0.0.1 | GET      /tags
[GIN] 2019/12/11 - 15:42:31 | 200 |            0s |       127.0.0.1 | POST     /tags

[35m(D:/workpath/go/blog/pkg/models/tag.go:21)[0m 
[33m[2019-12-11 15:42:40][0m [31;1m Error 1146: Table 'blog.tag' doesn't exist [0m
[GIN] 2019/12/11 - 15:42:40 | 200 |     26.9273ms |       127.0.0.1 | POST     /tags?name=123123
[gin] Building...
[gin] [97;31;1mBuild failed[0m
# blog.com/pkg/models
pkg\models\tag.go:18:9: undefined: Tag
pkg\models\tag.go:27:62: undefined: Tag
pkg\models\tag.go:29:10: undefined: Tag

[gin] Building...
[gin] [97;31;1mBuild failed[0m
# blog.com/pkg/models
pkg\models\tag.go:18:9: undefined: Tag
pkg\models\tag.go:27:62: undefined: Tag
pkg\models\tag.go:29:10: undefined: Tag

[gin] Building...
[gin] [97;31;1mBuild failed[0m
# blog.com/pkg/models
pkg\models\tag.go:18:9: undefined: Tag
pkg\models\tag.go:27:62: undefined: Tag
pkg\models\tag.go:29:10: undefined: Tag

[gin] Building...
[gin] [97;32;1mBuild finished[0m
[gin] Building...
[gin] [97;32;1mBuild finished[0m
[gin] Building...
[gin] [97;32;1mBuild finished[0m
[gin] Building...
[gin] [97;31;1mBuild failed[0m
# blog.com/pkg/models
pkg\models\models.go:33:2: syntax error: unexpected /, expecting }

[gin] Building...
[gin] [97;32;1mBuild finished[0m
[gin] Building...
[gin] [97;32;1mBuild finished[0m
[gin] Building...
[gin] [97;31;1mBuild failed[0m
# blog.com/pkg/models
pkg\models\models.go:32:2: undefined: ji

[gin] Building...
[gin] [97;31;1mBuild failed[0m
# blog.com/pkg/models
pkg\models\models.go:32:2: undefined: ç¦æ­¢
pkg\models\models.go:33:19: db.SingularTable(true) used as value

[gin] Building...
[gin] [97;31;1mBuild failed[0m
# blog.com/pkg/models
pkg\models\models.go:32:3: syntax error: unexpected /, expecting }
pkg\models\models.go:33:3: syntax error: unexpected db after top level declaration

[gin] Building...
[gin] [97;31;1mBuild failed[0m
# blog.com/pkg/models
pkg\models\models.go:32:2: syntax error: unexpected /, expecting }
pkg\models\models.go:33:3: syntax error: unexpected db after top level declaration

[gin] Building...
[gin] [97;32;1mBuild finished[0m
[gin] Building...
[gin] [97;32;1mBuild finished[0m
[gin] Building...
[gin] [97;32;1mBuild finished[0m
[gin] Building...
[gin] [97;31;1mBuild failed[0m
# blog.com/pkg/models
pkg\models\models.go:32:2: undefined: ç¦æ­¢

[gin] Building...
[gin] [97;31;1mBuild failed[0m
# blog.com/pkg/models
pkg\models\models.go:31:3: syntax error: unexpected ç¦æ­¢ at end of statement

[gin] Building...
[gin] [97;32;1mBuild finished[0m
[gin] Building...
[gin] [97;32;1mBuild finished[0m
[gin] Building...
[gin] [97;32;1mBuild finished[0m
[gin] Building...
[gin] [97;32;1mBuild finished[0m
[gin] Building...
[gin] [97;32;1mBuild finished[0m
[gin] Building...
[gin] [97;32;1mBuild finished[0m
[gin] Building...
[gin] [97;32;1mBuild finished[0m
[gin] Building...
[gin] [97;32;1mBuild finished[0m
[gin] Building...
[gin] [97;32;1mBuild finished[0m
[gin] Building...
[gin] [97;32;1mBuild finished[0m
[gin] Building...
[gin] [97;32;1mBuild finished[0m
[gin] Building...
[gin] [97;32;1mBuild finished[0m
[gin] Building...
[gin] [97;32;1mBuild finished[0m
[gin] Building...
[gin] [97;32;1mBuild finished[0m
[gin] Building...
[gin] [97;32;1mBuild finished[0m
[gin] Building...
[gin] [97;32;1mBuild finished[0m
[gin] Building...
[gin] [97;32;1mBuild finished[0m
[gin] Building...
[gin] [97;32;1mBuild finished[0m
[gin] Building...
[gin] [97;32;1mBuild finished[0m
[gin] Building...
[gin] [97;32;1mBuild finished[0m
[GIN-debug] [WARNING] Running in "debug" mode. Switch to "release" mode in production.
 - using env:	export GIN_MODE=release
 - using code:	gin.SetMode(gin.ReleaseMode)

[GIN-debug] GET    /tags                     --> blog.com/route/api/v1.GetTags (3 handlers)
[GIN-debug] POST   /tags                     --> blog.com/route/api/v1.AddTag (3 handlers)
[GIN-debug] PUT    /tags/:id                 --> blog.com/route/api/v1.EditTag (3 handlers)
[GIN-debug] DELETE /tags/:id                 --> blog.com/route/api/v1.DeleteTag (3 handlers)
[GIN] 2019/12/11 - 15:46:18 | 200 |      5.9867ms |       127.0.0.1 | POST     /tags?name=123123

[35m(D:/workpath/go/blog/pkg/models/tag.go:22)[0m 
[33m[2019-12-11 15:46:18][0m [31;1m Error 1054: Unknown column 'created_at' in 'field list' [0m
[gin] Building...
[gin] [97;31;1mBuild failed[0m
# blog.com/route/api/v1
route\api\v1\tag.go:37:3: undefined: err

[gin] Building...
[gin] [97;31;1mBuild failed[0m
# blog.com/route/api/v1
route\api\v1\tag.go:37:3: undefined: err

[gin] Building...
[gin] [97;31;1mBuild failed[0m
# blog.com/route/api/v1
route\api\v1\tag.go:45:1: syntax error: unexpected }, expecting expression
route\api\v1\tag.go:48:30: syntax error: unexpected { at end of statement
route\api\v1\tag.go:52:6: syntax error: unexpected DeleteTag, expecting (

[gin] Building...
[gin] [97;31;1mBuild failed[0m
# blog.com/route/api/v1
route\api\v1\tag.go:44:4: syntax error: unexpected newline, expecting { after if clause
route\api\v1\tag.go:48:6: syntax error: unexpected EditTag, expecting (
route\api\v1\tag.go:52:6: syntax error: unexpected DeleteTag, expecting (

[gin] Building...
[gin] [97;31;1mBuild failed[0m
# blog.com/route/api/v1
route\api\v1\tag.go:37:3: undefined: err
route\api\v1\tag.go:39:5: undefined: err

[gin] Building...
[gin] [97;31;1mBuild failed[0m
# blog.com/route/api/v1
route\api\v1\tag.go:39:5: undefined: err

[gin] Building...
[gin] [97;31;1mBuild failed[0m
# blog.com/route/api/v1
route\api\v1\tag.go:39:5: undefined: err
route\api\v1\tag.go:41:13: undefined: err

[gin] Building...
[gin] [97;31;1mBuild failed[0m
# blog.com/route/api/v1
route\api\v1\tag.go:37:3: undefined: err
route\api\v1\tag.go:39:5: undefined: err
route\api\v1\tag.go:41:13: undefined: err

[gin] Building...
[gin] [97;31;1mBuild failed[0m
# blog.com/route/api/v1
route\api\v1\tag.go:39:5: undefined: err
route\api\v1\tag.go:41:13: undefined: err

[gin] Building...
[gin] [97;31;1mBuild failed[0m
# blog.com/route/api/v1
route\api\v1\tag.go:6:2: imported and not used: "blog.com/pkg/models"
route\api\v1\tag.go:38:5: undefined: err
route\api\v1\tag.go:40:13: undefined: err

[gin] Building...
[gin] [97;31;1mBuild failed[0m
# blog.com/route/api/v1
route\api\v1\tag.go:37:5: undefined: err
route\api\v1\tag.go:39:13: undefined: err

[gin] Building...
[gin] [97;31;1mBuild failed[0m
# blog.com/route/api/v1
route\api\v1\tag.go:38:2: syntax error: unexpected if, expecting expression
route\api\v1\tag.go:42:2: syntax error: non-declaration statement outside function body

[gin] Building...
[gin] [97;31;1mBuild failed[0m
# blog.com/route/api/v1
route\api\v1\tag.go:37:5: undefined: err
route\api\v1\tag.go:39:13: undefined: err

[gin] Building...
[gin] [97;31;1mBuild failed[0m
# blog.com/route/api/v1
route\api\v1\tag.go:39:5: undefined: err
route\api\v1\tag.go:41:13: undefined: err

[gin] Building...
[gin] [97;31;1mBuild failed[0m
# blog.com/route/api/v1
route\api\v1\tag.go:39:5: undefined: err
route\api\v1\tag.go:41:13: undefined: err

[gin] Building...
[gin] [97;31;1mBuild failed[0m
# blog.com/route/api/v1
route\api\v1\tag.go:39:5: undefined: err
route\api\v1\tag.go:41:13: undefined: err

[gin] Building...
[gin] [97;31;1mBuild failed[0m
# blog.com/route/api/v1
route\api\v1\tag.go:39:5: undefined: err
route\api\v1\tag.go:41:13: undefined: err

[gin] Building...
[gin] [97;31;1mBuild failed[0m
# blog.com/route/api/v1
route\api\v1\tag.go:39:5: undefined: err
route\api\v1\tag.go:41:13: undefined: err

[gin] Building...
[gin] [97;31;1mBuild failed[0m
# blog.com/route/api/v1
route\api\v1\tag.go:39:5: undefined: err
route\api\v1\tag.go:41:13: undefined: err

[gin] Building...
[gin] [97;31;1mBuild failed[0m
# blog.com/route/api/v1
route\api\v1\tag.go:39:5: undefined: err
route\api\v1\tag.go:41:13: undefined: err

[gin] Building...
[gin] [97;31;1mBuild failed[0m
# blog.com/route/api/v1
route\api\v1\tag.go:39:5: undefined: err
route\api\v1\tag.go:41:13: undefined: err

[gin] Building...
[gin] [97;31;1mBuild failed[0m
# blog.com/route/api/v1
route\api\v1\tag.go:39:5: undefined: err
route\api\v1\tag.go:41:13: undefined: err

[gin] Building...
[gin] [97;31;1mBuild failed[0m
# blog.com/route/api/v1
route\api\v1\tag.go:39:5: undefined: err
route\api\v1\tag.go:41:13: undefined: err

[gin] Building...
[gin] [97;31;1mBuild failed[0m
# blog.com/route/api/v1
route\api\v1\tag.go:39:5: undefined: err
route\api\v1\tag.go:41:13: undefined: err

[gin] Building...
[gin] [97;31;1mBuild failed[0m
# blog.com/route/api/v1
route\api\v1\tag.go:39:5: undefined: err
route\api\v1\tag.go:41:13: undefined: err

[gin] Building...
[gin] [97;31;1mBuild failed[0m
# blog.com/route/api/v1
route\api\v1\tag.go:39:5: undefined: err
route\api\v1\tag.go:41:13: undefined: err

[gin] Building...
[gin] [97;31;1mBuild failed[0m
# blog.com/route/api/v1
route\api\v1\tag.go:39:5: undefined: err
route\api\v1\tag.go:41:13: undefined: err

[gin] Building...
[gin] [97;31;1mBuild failed[0m
# blog.com/route/api/v1
route\api\v1\tag.go:39:5: undefined: err
route\api\v1\tag.go:41:13: undefined: err

[gin] Building...
[gin] [97;31;1mBuild failed[0m
# blog.com/route/api/v1
route\api\v1\tag.go:39:5: undefined: err
route\api\v1\tag.go:41:13: undefined: err

[gin] Building...
[gin] [97;31;1mBuild failed[0m
# blog.com/route/api/v1
route\api\v1\tag.go:39:5: undefined: err
route\api\v1\tag.go:41:13: undefined: err

[gin] Building...
[gin] [97;31;1mBuild failed[0m
# blog.com/route/api/v1
route\api\v1\tag.go:39:5: undefined: err
route\api\v1\tag.go:41:13: undefined: err

[gin] Building...
[gin] [97;31;1mBuild failed[0m
# blog.com/route/api/v1
route\api\v1\tag.go:39:5: undefined: err
route\api\v1\tag.go:41:13: undefined: err

[gin] Building...
[gin] [97;31;1mBuild failed[0m
# blog.com/route/api/v1
route\api\v1\tag.go:39:5: undefined: err
route\api\v1\tag.go:41:13: undefined: err

[gin] Building...
[gin] [97;31;1mBuild failed[0m
# blog.com/route/api/v1
route\api\v1\tag.go:39:5: undefined: err
route\api\v1\tag.go:41:13: undefined: err

[gin] Building...
[gin] [97;31;1mBuild failed[0m
# blog.com/route/api/v1
route\api\v1\tag.go:39:5: undefined: err
route\api\v1\tag.go:41:13: undefined: err

[gin] Building...
[gin] [97;31;1mBuild failed[0m
# blog.com/route/api/v1
route\api\v1\tag.go:39:5: undefined: err
route\api\v1\tag.go:41:13: undefined: err

[gin] Building...
[gin] [97;31;1mBuild failed[0m
# blog.com/route/api/v1
route\api\v1\tag.go:39:5: undefined: err
route\api\v1\tag.go:41:13: undefined: err

[gin] Building...
[gin] [97;31;1mBuild failed[0m
# blog.com/route/api/v1
route\api\v1\tag.go:39:5: undefined: err
route\api\v1\tag.go:41:13: undefined: err

[gin] Building...
[gin] [97;31;1mBuild failed[0m
# blog.com/route/api/v1
route\api\v1\tag.go:39:5: undefined: err
route\api\v1\tag.go:41:13: undefined: err

[gin] Building...
[gin] [97;31;1mBuild failed[0m
# blog.com/route/api/v1
route\api\v1\tag.go:39:5: undefined: err
route\api\v1\tag.go:41:13: undefined: err

[gin] Building...
[gin] [97;31;1mBuild failed[0m
# blog.com/route/api/v1
route\api\v1\tag.go:39:5: undefined: err
route\api\v1\tag.go:41:13: undefined: err

[gin] Building...
[gin] [97;31;1mBuild failed[0m
# blog.com/route/api/v1
route\api\v1\tag.go:39:5: undefined: err
route\api\v1\tag.go:41:13: undefined: err

[gin] Building...
[gin] [97;31;1mBuild failed[0m
# blog.com/route/api/v1
route\api\v1\tag.go:46:6: syntax error: unexpected EditTag, expecting (
route\api\v1\tag.go:50:6: syntax error: unexpected DeleteTag, expecting (

[gin] Building...
[gin] [97;31;1mBuild failed[0m
# blog.com/common
common\common.go:7:37: undefined: code
common\common.go:7:50: undefined: message
common\common.go:8:9: undefined: code
common\common.go:9:11: undefined: code
common\common.go:10:11: undefined: message

[gin] Building...
[gin] [97;31;1mBuild failed[0m
# blog.com/common
common\common.go:7:37: undefined: code
common\common.go:7:50: undefined: message
common\common.go:8:9: undefined: code
common\common.go:9:11: undefined: code
common\common.go:10:11: undefined: message

[gin] Building...
[gin] [97;31;1mBuild failed[0m
# blog.com/common
common\common.go:7:37: undefined: code
common\common.go:7:50: undefined: message
common\common.go:8:9: undefined: code
common\common.go:9:11: undefined: code
common\common.go:10:11: undefined: message

[gin] Building...
[gin] [97;31;1mBuild failed[0m
# blog.com/common
common\common.go:7:37: undefined: code
common\common.go:7:50: undefined: message
common\common.go:8:9: undefined: code
common\common.go:9:11: undefined: code
common\common.go:10:11: undefined: message

[gin] Building...
[gin] [97;31;1mBuild failed[0m
# blog.com/common
common\common.go:7:37: undefined: code
common\common.go:7:50: undefined: message
common\common.go:8:9: undefined: code
common\common.go:9:11: undefined: code
common\common.go:10:11: undefined: message

[gin] Building...
[gin] [97;31;1mBuild failed[0m
# blog.com/common
common\common.go:7:37: undefined: code
common\common.go:7:50: undefined: message
common\common.go:8:9: undefined: code
common\common.go:9:11: undefined: code
common\common.go:10:11: undefined: message

[gin] Building...
[gin] [97;31;1mBuild failed[0m
# blog.com/common
common\common.go:7:37: undefined: code
common\common.go:7:50: undefined: message
common\common.go:8:9: undefined: code
common\common.go:9:11: undefined: code
common\common.go:10:11: undefined: message

[gin] Building...
[gin] [97;31;1mBuild failed[0m
# blog.com/common
common\common.go:7:37: undefined: code
common\common.go:7:50: undefined: message
common\common.go:8:9: undefined: code
common\common.go:9:11: undefined: code
common\common.go:10:11: undefined: message

[gin] Building...
[gin] [97;31;1mBuild failed[0m
# blog.com/common
common\common.go:7:37: undefined: code
common\common.go:7:50: undefined: message
common\common.go:8:9: undefined: code
common\common.go:9:11: undefined: code
common\common.go:10:11: undefined: message

[gin] Building...
[gin] [97;31;1mBuild failed[0m
# blog.com/common
common\common.go:7:37: undefined: code
common\common.go:7:50: undefined: message
common\common.go:8:9: undefined: code
common\common.go:9:11: undefined: code
common\common.go:10:11: undefined: message

[gin] Building...
[gin] [97;31;1mBuild failed[0m
# blog.com/common
common\common.go:7:37: undefined: code
common\common.go:7:50: undefined: message
common\common.go:8:9: undefined: code
common\common.go:9:11: undefined: code
common\common.go:10:11: undefined: message

[gin] Building...
[gin] [97;31;1mBuild failed[0m
# blog.com/common
common\common.go:7:37: undefined: code
common\common.go:7:50: undefined: message
common\common.go:8:9: undefined: code
common\common.go:9:11: undefined: code
common\common.go:10:11: undefined: message

[gin] Building...
[gin] [97;31;1mBuild failed[0m
# blog.com/common
common\common.go:7:37: undefined: code
common\common.go:7:50: undefined: message
common\common.go:8:9: undefined: code
common\common.go:9:11: undefined: code
common\common.go:10:11: undefined: message

[gin] Building...
[gin] [97;31;1mBuild failed[0m
# blog.com/common
common\common.go:7:37: undefined: code
common\common.go:7:50: undefined: message
common\common.go:8:9: undefined: code
common\common.go:9:11: undefined: code
common\common.go:10:11: undefined: message

[gin] Building...
[gin] [97;31;1mBuild failed[0m
# blog.com/common
common\common.go:7:37: undefined: code
common\common.go:7:50: undefined: message
common\common.go:8:9: undefined: code
common\common.go:9:11: undefined: code
common\common.go:10:11: undefined: message

[gin] Building...
[gin] [97;31;1mBuild failed[0m
# blog.com/pkg/models
pkg\models\tag.go:17:6: missing function body
pkg\models\tag.go:17:41: syntax error: unexpected comma after top level declaration
# blog.com/common
common\common.go:7:37: undefined: code
common\common.go:7:50: undefined: message
common\common.go:8:9: undefined: code
common\common.go:9:11: undefined: code
common\common.go:10:11: undefined: message

[gin] Building...
[gin] [97;31;1mBuild failed[0m
# blog.com/pkg/models
pkg\models\tag.go:17:6: missing function body
pkg\models\tag.go:17:41: syntax error: unexpected comma after top level declaration
# blog.com/common
common\common.go:7:37: undefined: code
common\common.go:7:50: undefined: message
common\common.go:8:9: undefined: code
common\common.go:9:11: undefined: code
common\common.go:10:11: undefined: message

[gin] Building...
[gin] [97;31;1mBuild failed[0m
# blog.com/pkg/models
pkg\models\tag.go:17:6: missing function body
pkg\models\tag.go:17:41: syntax error: unexpected comma after top level declaration
# blog.com/common
common\common.go:7:37: undefined: code
common\common.go:7:50: undefined: message
common\common.go:8:9: undefined: code
common\common.go:9:11: undefined: code
common\common.go:10:11: undefined: message

[gin] Building...
[gin] [97;31;1mBuild failed[0m
# blog.com/common
common\common.go:7:37: undefined: code
common\common.go:7:50: undefined: message
common\common.go:8:9: undefined: code
common\common.go:9:11: undefined: code
common\common.go:10:11: undefined: message

[gin] Building...
[gin] [97;31;1mBuild failed[0m
# blog.com/common
common\common.go:7:37: undefined: code
common\common.go:7:50: undefined: message
common\common.go:8:9: undefined: code
common\common.go:9:11: undefined: code
common\common.go:10:11: undefined: message

[gin] Building...
[gin] [97;31;1mBuild failed[0m
# blog.com/common
common\common.go:7:37: undefined: code
common\common.go:7:50: undefined: message
common\common.go:8:9: undefined: code
common\common.go:9:11: undefined: code
common\common.go:10:11: undefined: message

[gin] Building...
[gin] [97;31;1mBuild failed[0m
# blog.com/common
common\common.go:7:37: undefined: code
common\common.go:7:50: undefined: message
common\common.go:8:9: undefined: code
common\common.go:9:11: undefined: code
common\common.go:10:11: undefined: message

[gin] Building...
[gin] [97;31;1mBuild failed[0m
# blog.com/common
common\common.go:7:37: undefined: code
common\common.go:7:50: undefined: message
common\common.go:8:9: undefined: code
common\common.go:9:11: undefined: code
common\common.go:10:11: undefined: message

[gin] Building...
[gin] [97;31;1mBuild failed[0m
# blog.com/common
common\common.go:7:37: undefined: code
common\common.go:7:50: undefined: message
common\common.go:8:9: undefined: code
common\common.go:9:11: undefined: code
common\common.go:10:11: undefined: message

[gin] Building...
[gin] [97;31;1mBuild failed[0m
# blog.com/common
common\common.go:7:37: undefined: code
common\common.go:7:50: undefined: message
common\common.go:8:9: undefined: code
common\common.go:9:11: undefined: code
common\common.go:10:11: undefined: message

[gin] Building...
[gin] [97;31;1mBuild failed[0m
# blog.com/route/api/v1
route\api\v1\tag.go:36:23: type gin.Context is not an expression
route\api\v1\tag.go:36:52: undefined: data

[gin] Building...
[gin] [97;31;1mBuild failed[0m
# blog.com/route/api/v1
route\api\v1\tag.go:36:42: syntax error: unexpected interface, expecting comma or )
route\api\v1\tag.go:40:2: syntax error: non-declaration statement outside function body

[gin] Building...
[gin] [97;31;1mBuild failed[0m
# blog.com/route/api/v1
route\api\v1\tag.go:42:3: result declared and not used
route\api\v1\tag.go:42:11: err declared and not used

[gin] Building...
[gin] [97;31;1mBuild failed[0m
# blog.com/route/api/v1
route\api\v1\tag.go:45:16: err.common undefined (type error has no field or method common)

[gin] Building...
[gin] [97;32;1mBuild finished[0m
[gin] Building...
[gin] [97;32;1mBuild finished[0m
[gin] Building...
[gin] [97;32;1mBuild finished[0m
[gin] Building...
[gin] [97;32;1mBuild finished[0m
[GIN-debug] [WARNING] Running in "debug" mode. Switch to "release" mode in production.
 - using env:	export GIN_MODE=release
 - using code:	gin.SetMode(gin.ReleaseMode)

[GIN-debug] GET    /tags                     --> blog.com/route/api/v1.GetTags (3 handlers)
[GIN-debug] POST   /tags                     --> blog.com/route/api/v1.AddTag (3 handlers)
[GIN-debug] PUT    /tags/:id                 --> blog.com/route/api/v1.EditTag (3 handlers)
[GIN-debug] DELETE /tags/:id                 --> blog.com/route/api/v1.DeleteTag (3 handlers)
[GIN-debug] [WARNING] Headers were already written. Wanted to override status code 400 with 200

[35m(D:/workpath/go/blog/pkg/models/tag.go:22)[0m 
[33m[2019-12-11 16:26:21][0m [31;1m Error 1054: Unknown column 'created_at' in 'field list' [0m
[GIN] 2019/12/11 - 16:26:21 | 200 |      1.9922ms |       127.0.0.1 | POST     /tags?name=123123
[gin] Building...
[gin] [97;32;1mBuild finished[0m
[gin] Building...
[gin] [97;32;1mBuild finished[0m
[gin] Building...
[gin] [97;32;1mBuild finished[0m
[GIN-debug] [WARNING] Running in "debug" mode. Switch to "release" mode in production.
 - using env:	export GIN_MODE=release
 - using code:	gin.SetMode(gin.ReleaseMode)

[GIN-debug] GET    /tags                     --> blog.com/route/api/v1.GetTags (3 handlers)
[GIN-debug] POST   /tags                     --> blog.com/route/api/v1.AddTag (3 handlers)
[GIN-debug] PUT    /tags/:id                 --> blog.com/route/api/v1.EditTag (3 handlers)
[GIN-debug] DELETE /tags/:id                 --> blog.com/route/api/v1.DeleteTag (3 handlers)
[GIN] 2019/12/11 - 16:30:39 | 400 |      1.9908ms |       127.0.0.1 | POST     /tags?name=123123

[35m(D:/workpath/go/blog/pkg/models/tag.go:22)[0m 
[33m[2019-12-11 16:30:39][0m [31;1m Error 1054: Unknown column 'created_at' in 'field list' [0m

[35m(D:/workpath/go/blog/pkg/models/tag.go:22)[0m 
[33m[2019-12-11 16:30:40][0m [31;1m Error 1054: Unknown column 'created_at' in 'field list' [0m
[GIN] 2019/12/11 - 16:30:40 | 400 |            0s |       127.0.0.1 | POST     /tags?name=123123

[35m(D:/workpath/go/blog/pkg/models/tag.go:22)[0m 
[33m[2019-12-11 16:30:41][0m [31;1m Error 1054: Unknown column 'created_at' in 'field list' [0m
[GIN] 2019/12/11 - 16:30:41 | 400 |       995.9Âµs |       127.0.0.1 | POST     /tags?name=123123

[35m(D:/workpath/go/blog/pkg/models/tag.go:22)[0m 
[33m[2019-12-11 16:47:27][0m [31;1m Error 1054: Unknown column 'updated_at' in 'field list' [0m
[GIN] 2019/12/11 - 16:47:27 | 400 |       996.8Âµs |       127.0.0.1 | POST     /tags?name=123123

[35m(D:/workpath/go/blog/pkg/models/tag.go:22)[0m 
[33m[2019-12-11 16:47:53][0m [31;1m Error 1054: Unknown column 'deleted_at' in 'field list' [0m
[GIN] 2019/12/11 - 16:47:53 | 400 |       997.7Âµs |       127.0.0.1 | POST     /tags?name=123123

[35m(D:/workpath/go/blog/pkg/models/tag.go:22)[0m 
[33m[2019-12-11 16:48:32][0m [31;1m Error 1054: Unknown column 'created_on' in 'field list' [0m
[GIN] 2019/12/11 - 16:48:32 | 400 |            0s |       127.0.0.1 | POST     /tags?name=123123
[gin] Building...
[gin] [97;32;1mBuild finished[0m
[GIN-debug] [WARNING] Running in "debug" mode. Switch to "release" mode in production.
 - using env:	export GIN_MODE=release
 - using code:	gin.SetMode(gin.ReleaseMode)

[GIN-debug] GET    /tags                     --> blog.com/route/api/v1.GetTags (3 handlers)
[GIN-debug] POST   /tags                     --> blog.com/route/api/v1.AddTag (3 handlers)
[GIN-debug] PUT    /tags/:id                 --> blog.com/route/api/v1.EditTag (3 handlers)
[GIN-debug] DELETE /tags/:id                 --> blog.com/route/api/v1.DeleteTag (3 handlers)

[35m(D:/workpath/go/blog/pkg/models/tag.go:22)[0m 
[33m[2019-12-11 16:49:15][0m [31;1m Error 1054: Unknown column 'state' in 'field list' [0m
[GIN] 2019/12/11 - 16:49:15 | 400 |       994.9Âµs |       127.0.0.1 | POST     /tags?name=123123
[gin] Building...
[gin] [97;31;1mBuild failed[0m
# blog.com/pkg/models
pkg\models\tag.go:19:3: unknown field 'State' in struct literal of type Tag

[gin] Building...
[gin] [97;32;1mBuild finished[0m
[GIN-debug] [WARNING] Running in "debug" mode. Switch to "release" mode in production.
 - using env:	export GIN_MODE=release
 - using code:	gin.SetMode(gin.ReleaseMode)

[GIN-debug] GET    /tags                     --> blog.com/route/api/v1.GetTags (3 handlers)
[GIN-debug] POST   /tags                     --> blog.com/route/api/v1.AddTag (3 handlers)
[GIN-debug] PUT    /tags/:id                 --> blog.com/route/api/v1.EditTag (3 handlers)
[GIN-debug] DELETE /tags/:id                 --> blog.com/route/api/v1.DeleteTag (3 handlers)
[GIN] 2019/12/11 - 16:49:43 | 200 |     18.9496ms |       127.0.0.1 | POST     /tags?name=123123

[35m(D:/workpath/go/blog/pkg/models/tag.go:20)[0m 
[33m[2019-12-11 16:50:40][0m [31;1m Error 1062: Duplicate entry '123123' for key 'tags_name_uindex' [0m
[GIN] 2019/12/11 - 16:50:40 | 400 |      3.2039ms |       127.0.0.1 | POST     /tags?name=123123
[gin] Building...
[gin] [97;31;1mBuild failed[0m
# blog.com/route/api/v1
route\api\v1\tag.go:56:10: undefined: Tag
route\api\v1\tag.go:57:9: undefined: models.ExistTagByName

[gin] Building...
[gin] [97;32;1mBuild finished[0m
[gin] Building...
